<?xml version="1.0" encoding="UTF-8"?>
<testng-results ignored="0" total="2" passed="2" failed="0" skipped="0">
  <reporter-output>
  </reporter-output>
  <suite started-at="2024-03-11T13:28:19 IST" name="Default suite" finished-at="2024-03-11T13:30:56 IST" duration-ms="157329">
    <groups>
      <group name="cucumber">
        <method signature="AbstractTestNGCucumberTests.runScenario(io.cucumber.testng.PickleWrapper,io.cucumber.testng.FeatureWrapper)[pri:0, instance:Execution.Runner@3f4faf53]" name="runScenario" class="io.cucumber.testng.AbstractTestNGCucumberTests"/>
      </group> <!-- cucumber -->
    </groups>
    <test started-at="2024-03-11T13:28:19 IST" name="Default test" finished-at="2024-03-11T13:30:56 IST" duration-ms="157329">
      <class name="Execution.Runner">
        <test-method is-config="true" signature="setUpClass(org.testng.ITestContext)[pri:0, instance:Execution.Runner@3f4faf53]" started-at="2024-03-11T13:28:19 IST" name="setUpClass" finished-at="2024-03-11T13:28:57 IST" duration-ms="38268" status="PASS">
          <params>
            <param index="0">
              <value>
                <![CDATA[org.testng.TestRunner@4130a648]]>
              </value>
            </param>
          </params>
          <reporter-output>
          </reporter-output>
        </test-method> <!-- setUpClass -->
        <test-method signature="runScenario(io.cucumber.testng.PickleWrapper,io.cucumber.testng.FeatureWrapper)[pri:0, instance:Execution.Runner@3f4faf53]" started-at="2024-03-11T13:28:57 IST" name="runScenario" description="Runs Cucumber Scenarios" data-provider="scenarios" finished-at="2024-03-11T13:30:10 IST" duration-ms="72490" status="PASS">
          <params>
            <param index="0">
              <value>
                <![CDATA["Verify Home Page"]]>
              </value>
            </param>
            <param index="1">
              <value>
                <![CDATA["Validating Ecomerce Application"]]>
              </value>
            </param>
          </params>
          <reporter-output>
          </reporter-output>
        </test-method> <!-- runScenario -->
        <test-method signature="runScenario(io.cucumber.testng.PickleWrapper,io.cucumber.testng.FeatureWrapper)[pri:0, instance:Execution.Runner@3f4faf53]" started-at="2024-03-11T13:30:10 IST" name="runScenario" description="Runs Cucumber Scenarios" data-provider="scenarios" finished-at="2024-03-11T13:30:40 IST" duration-ms="30260" status="PASS">
          <params>
            <param index="0">
              <value>
                <![CDATA["Verify Wishlist field"]]>
              </value>
            </param>
            <param index="1">
              <value>
                <![CDATA["Validating Ecomerce Application"]]>
              </value>
            </param>
          </params>
          <reporter-output>
          </reporter-output>
        </test-method> <!-- runScenario -->
        <test-method is-config="true" signature="tearDownClass()[pri:0, instance:Execution.Runner@3f4faf53]" started-at="2024-03-11T13:30:40 IST" name="tearDownClass" finished-at="2024-03-11T13:30:56 IST" duration-ms="16242" status="PASS">
          <reporter-output>
          </reporter-output>
        </test-method> <!-- tearDownClass -->
      </class> <!-- Execution.Runner -->
    </test> <!-- Default test -->
  </suite> <!-- Default suite -->
</testng-results>
